<?xml version="1.0" encoding="UTF-8"?>
<testsuite xmlns:xsi="http://www.w3.org/2001/XMLSchema-instance" xsi:noNamespaceSchemaLocation="https://maven.apache.org/surefire/maven-surefire-plugin/xsd/surefire-test-report-3.0.xsd" version="3.0" name="com.decisionservicemaster.controller.api.v1.DecisionsControllerTest" time="3.184" tests="4" errors="0" skipped="0" failures="0">
  <properties>
    <property name="java.specification.version" value="21"/>
    <property name="sun.jnu.encoding" value="UTF-8"/>
    <property name="java.class.path" value="/Users/subirchowdhury/src/DecisionServiceMaster/target/test-classes:/Users/subirchowdhury/src/DecisionServiceMaster/target/classes:/Users/subirchowdhury/.m2/repository/org/springframework/boot/spring-boot-starter-web/3.5.0/spring-boot-starter-web-3.5.0.jar:/Users/subirchowdhury/.m2/repository/org/springframework/boot/spring-boot-starter/3.5.0/spring-boot-starter-3.5.0.jar:/Users/subirchowdhury/.m2/repository/org/springframework/boot/spring-boot-starter-logging/3.5.0/spring-boot-starter-logging-3.5.0.jar:/Users/subirchowdhury/.m2/repository/ch/qos/logback/logback-classic/1.5.18/logback-classic-1.5.18.jar:/Users/subirchowdhury/.m2/repository/ch/qos/logback/logback-core/1.5.18/logback-core-1.5.18.jar:/Users/subirchowdhury/.m2/repository/org/apache/logging/log4j/log4j-to-slf4j/2.24.3/log4j-to-slf4j-2.24.3.jar:/Users/subirchowdhury/.m2/repository/org/apache/logging/log4j/log4j-api/2.24.3/log4j-api-2.24.3.jar:/Users/subirchowdhury/.m2/repository/org/slf4j/jul-to-slf4j/2.0.17/jul-to-slf4j-2.0.17.jar:/Users/subirchowdhury/.m2/repository/jakarta/annotation/jakarta.annotation-api/2.1.1/jakarta.annotation-api-2.1.1.jar:/Users/subirchowdhury/.m2/repository/org/springframework/boot/spring-boot-starter-json/3.5.0/spring-boot-starter-json-3.5.0.jar:/Users/subirchowdhury/.m2/repository/com/fasterxml/jackson/datatype/jackson-datatype-jdk8/2.19.0/jackson-datatype-jdk8-2.19.0.jar:/Users/subirchowdhury/.m2/repository/com/fasterxml/jackson/datatype/jackson-datatype-jsr310/2.19.0/jackson-datatype-jsr310-2.19.0.jar:/Users/subirchowdhury/.m2/repository/com/fasterxml/jackson/module/jackson-module-parameter-names/2.19.0/jackson-module-parameter-names-2.19.0.jar:/Users/subirchowdhury/.m2/repository/org/springframework/boot/spring-boot-starter-tomcat/3.5.0/spring-boot-starter-tomcat-3.5.0.jar:/Users/subirchowdhury/.m2/repository/org/apache/tomcat/embed/tomcat-embed-core/10.1.41/tomcat-embed-core-10.1.41.jar:/Users/subirchowdhury/.m2/repository/org/apache/tomcat/embed/tomcat-embed-websocket/10.1.41/tomcat-embed-websocket-10.1.41.jar:/Users/subirchowdhury/.m2/repository/org/springframework/spring-web/6.2.7/spring-web-6.2.7.jar:/Users/subirchowdhury/.m2/repository/org/springframework/spring-beans/6.2.7/spring-beans-6.2.7.jar:/Users/subirchowdhury/.m2/repository/org/springframework/spring-webmvc/6.2.7/spring-webmvc-6.2.7.jar:/Users/subirchowdhury/.m2/repository/org/springframework/spring-aop/6.2.7/spring-aop-6.2.7.jar:/Users/subirchowdhury/.m2/repository/org/springframework/spring-context/6.2.7/spring-context-6.2.7.jar:/Users/subirchowdhury/.m2/repository/org/springframework/spring-expression/6.2.7/spring-expression-6.2.7.jar:/Users/subirchowdhury/.m2/repository/org/springframework/boot/spring-boot-starter-data-jpa/3.5.0/spring-boot-starter-data-jpa-3.5.0.jar:/Users/subirchowdhury/.m2/repository/org/springframework/boot/spring-boot-starter-jdbc/3.5.0/spring-boot-starter-jdbc-3.5.0.jar:/Users/subirchowdhury/.m2/repository/com/zaxxer/HikariCP/6.3.0/HikariCP-6.3.0.jar:/Users/subirchowdhury/.m2/repository/org/springframework/spring-jdbc/6.2.7/spring-jdbc-6.2.7.jar:/Users/subirchowdhury/.m2/repository/org/hibernate/orm/hibernate-core/6.6.15.Final/hibernate-core-6.6.15.Final.jar:/Users/subirchowdhury/.m2/repository/jakarta/persistence/jakarta.persistence-api/3.1.0/jakarta.persistence-api-3.1.0.jar:/Users/subirchowdhury/.m2/repository/jakarta/transaction/jakarta.transaction-api/2.0.1/jakarta.transaction-api-2.0.1.jar:/Users/subirchowdhury/.m2/repository/org/jboss/logging/jboss-logging/3.6.1.Final/jboss-logging-3.6.1.Final.jar:/Users/subirchowdhury/.m2/repository/org/hibernate/common/hibernate-commons-annotations/7.0.3.Final/hibernate-commons-annotations-7.0.3.Final.jar:/Users/subirchowdhury/.m2/repository/io/smallrye/jandex/3.2.0/jandex-3.2.0.jar:/Users/subirchowdhury/.m2/repository/com/fasterxml/classmate/1.7.0/classmate-1.7.0.jar:/Users/subirchowdhury/.m2/repository/net/bytebuddy/byte-buddy/1.17.5/byte-buddy-1.17.5.jar:/Users/subirchowdhury/.m2/repository/org/glassfish/jaxb/jaxb-runtime/4.0.5/jaxb-runtime-4.0.5.jar:/Users/subirchowdhury/.m2/repository/org/glassfish/jaxb/jaxb-core/4.0.5/jaxb-core-4.0.5.jar:/Users/subirchowdhury/.m2/repository/org/glassfish/jaxb/txw2/4.0.5/txw2-4.0.5.jar:/Users/subirchowdhury/.m2/repository/com/sun/istack/istack-commons-runtime/4.1.2/istack-commons-runtime-4.1.2.jar:/Users/subirchowdhury/.m2/repository/jakarta/inject/jakarta.inject-api/2.0.1/jakarta.inject-api-2.0.1.jar:/Users/subirchowdhury/.m2/repository/org/antlr/antlr4-runtime/4.13.0/antlr4-runtime-4.13.0.jar:/Users/subirchowdhury/.m2/repository/org/springframework/data/spring-data-jpa/3.5.0/spring-data-jpa-3.5.0.jar:/Users/subirchowdhury/.m2/repository/org/springframework/data/spring-data-commons/3.5.0/spring-data-commons-3.5.0.jar:/Users/subirchowdhury/.m2/repository/org/springframework/spring-orm/6.2.7/spring-orm-6.2.7.jar:/Users/subirchowdhury/.m2/repository/org/springframework/spring-tx/6.2.7/spring-tx-6.2.7.jar:/Users/subirchowdhury/.m2/repository/org/slf4j/slf4j-api/2.0.17/slf4j-api-2.0.17.jar:/Users/subirchowdhury/.m2/repository/org/springframework/spring-aspects/6.2.7/spring-aspects-6.2.7.jar:/Users/subirchowdhury/.m2/repository/org/aspectj/aspectjweaver/1.9.24/aspectjweaver-1.9.24.jar:/Users/subirchowdhury/.m2/repository/org/springframework/boot/spring-boot-starter-validation/3.5.0/spring-boot-starter-validation-3.5.0.jar:/Users/subirchowdhury/.m2/repository/org/apache/tomcat/embed/tomcat-embed-el/10.1.41/tomcat-embed-el-10.1.41.jar:/Users/subirchowdhury/.m2/repository/org/hibernate/validator/hibernate-validator/8.0.2.Final/hibernate-validator-8.0.2.Final.jar:/Users/subirchowdhury/.m2/repository/jakarta/validation/jakarta.validation-api/3.0.2/jakarta.validation-api-3.0.2.jar:/Users/subirchowdhury/.m2/repository/org/springframework/boot/spring-boot-starter-mail/3.5.0/spring-boot-starter-mail-3.5.0.jar:/Users/subirchowdhury/.m2/repository/org/springframework/spring-context-support/6.2.7/spring-context-support-6.2.7.jar:/Users/subirchowdhury/.m2/repository/org/eclipse/angus/jakarta.mail/2.0.3/jakarta.mail-2.0.3.jar:/Users/subirchowdhury/.m2/repository/jakarta/activation/jakarta.activation-api/2.1.3/jakarta.activation-api-2.1.3.jar:/Users/subirchowdhury/.m2/repository/org/eclipse/angus/angus-activation/2.0.2/angus-activation-2.0.2.jar:/Users/subirchowdhury/.m2/repository/org/springframework/boot/spring-boot-starter-thymeleaf/3.5.0/spring-boot-starter-thymeleaf-3.5.0.jar:/Users/subirchowdhury/.m2/repository/org/thymeleaf/thymeleaf-spring6/3.1.3.RELEASE/thymeleaf-spring6-3.1.3.RELEASE.jar:/Users/subirchowdhury/.m2/repository/org/thymeleaf/thymeleaf/3.1.3.RELEASE/thymeleaf-3.1.3.RELEASE.jar:/Users/subirchowdhury/.m2/repository/org/attoparser/attoparser/2.0.7.RELEASE/attoparser-2.0.7.RELEASE.jar:/Users/subirchowdhury/.m2/repository/org/unbescape/unbescape/1.1.6.RELEASE/unbescape-1.1.6.RELEASE.jar:/Users/subirchowdhury/.m2/repository/org/postgresql/postgresql/42.7.5/postgresql-42.7.5.jar:/Users/subirchowdhury/.m2/repository/org/checkerframework/checker-qual/3.48.3/checker-qual-3.48.3.jar:/Users/subirchowdhury/.m2/repository/com/h2database/h2/2.3.232/h2-2.3.232.jar:/Users/subirchowdhury/.m2/repository/org/projectlombok/lombok/1.18.38/lombok-1.18.38.jar:/Users/subirchowdhury/.m2/repository/org/springframework/boot/spring-boot-starter-test/3.5.0/spring-boot-starter-test-3.5.0.jar:/Users/subirchowdhury/.m2/repository/org/springframework/boot/spring-boot-test/3.5.0/spring-boot-test-3.5.0.jar:/Users/subirchowdhury/.m2/repository/org/springframework/boot/spring-boot-test-autoconfigure/3.5.0/spring-boot-test-autoconfigure-3.5.0.jar:/Users/subirchowdhury/.m2/repository/com/jayway/jsonpath/json-path/2.9.0/json-path-2.9.0.jar:/Users/subirchowdhury/.m2/repository/jakarta/xml/bind/jakarta.xml.bind-api/4.0.2/jakarta.xml.bind-api-4.0.2.jar:/Users/subirchowdhury/.m2/repository/net/minidev/json-smart/2.5.2/json-smart-2.5.2.jar:/Users/subirchowdhury/.m2/repository/net/minidev/accessors-smart/2.5.2/accessors-smart-2.5.2.jar:/Users/subirchowdhury/.m2/repository/org/ow2/asm/asm/9.7.1/asm-9.7.1.jar:/Users/subirchowdhury/.m2/repository/org/assertj/assertj-core/3.27.3/assertj-core-3.27.3.jar:/Users/subirchowdhury/.m2/repository/org/awaitility/awaitility/4.3.0/awaitility-4.3.0.jar:/Users/subirchowdhury/.m2/repository/org/hamcrest/hamcrest/3.0/hamcrest-3.0.jar:/Users/subirchowdhury/.m2/repository/org/junit/jupiter/junit-jupiter/5.12.2/junit-jupiter-5.12.2.jar:/Users/subirchowdhury/.m2/repository/org/junit/jupiter/junit-jupiter-api/5.12.2/junit-jupiter-api-5.12.2.jar:/Users/subirchowdhury/.m2/repository/org/opentest4j/opentest4j/1.3.0/opentest4j-1.3.0.jar:/Users/subirchowdhury/.m2/repository/org/junit/platform/junit-platform-commons/1.12.2/junit-platform-commons-1.12.2.jar:/Users/subirchowdhury/.m2/repository/org/apiguardian/apiguardian-api/1.1.2/apiguardian-api-1.1.2.jar:/Users/subirchowdhury/.m2/repository/org/junit/jupiter/junit-jupiter-params/5.12.2/junit-jupiter-params-5.12.2.jar:/Users/subirchowdhury/.m2/repository/org/junit/jupiter/junit-jupiter-engine/5.12.2/junit-jupiter-engine-5.12.2.jar:/Users/subirchowdhury/.m2/repository/org/junit/platform/junit-platform-engine/1.12.2/junit-platform-engine-1.12.2.jar:/Users/subirchowdhury/.m2/repository/org/mockito/mockito-core/5.17.0/mockito-core-5.17.0.jar:/Users/subirchowdhury/.m2/repository/net/bytebuddy/byte-buddy-agent/1.17.5/byte-buddy-agent-1.17.5.jar:/Users/subirchowdhury/.m2/repository/org/objenesis/objenesis/3.3/objenesis-3.3.jar:/Users/subirchowdhury/.m2/repository/org/mockito/mockito-junit-jupiter/5.17.0/mockito-junit-jupiter-5.17.0.jar:/Users/subirchowdhury/.m2/repository/org/skyscreamer/jsonassert/1.5.3/jsonassert-1.5.3.jar:/Users/subirchowdhury/.m2/repository/com/vaadin/external/google/android-json/0.0.20131108.vaadin1/android-json-0.0.20131108.vaadin1.jar:/Users/subirchowdhury/.m2/repository/org/springframework/spring-core/6.2.7/spring-core-6.2.7.jar:/Users/subirchowdhury/.m2/repository/org/springframework/spring-jcl/6.2.7/spring-jcl-6.2.7.jar:/Users/subirchowdhury/.m2/repository/org/springframework/spring-test/6.2.7/spring-test-6.2.7.jar:/Users/subirchowdhury/.m2/repository/org/xmlunit/xmlunit-core/2.10.1/xmlunit-core-2.10.1.jar:/Users/subirchowdhury/.m2/repository/com/fasterxml/jackson/core/jackson-databind/2.19.0/jackson-databind-2.19.0.jar:/Users/subirchowdhury/.m2/repository/com/fasterxml/jackson/core/jackson-annotations/2.19.0/jackson-annotations-2.19.0.jar:/Users/subirchowdhury/.m2/repository/com/fasterxml/jackson/core/jackson-core/2.19.0/jackson-core-2.19.0.jar:/Users/subirchowdhury/.m2/repository/org/springframework/boot/spring-boot-devtools/3.5.0/spring-boot-devtools-3.5.0.jar:/Users/subirchowdhury/.m2/repository/org/springframework/boot/spring-boot/3.5.0/spring-boot-3.5.0.jar:/Users/subirchowdhury/.m2/repository/org/springframework/boot/spring-boot-autoconfigure/3.5.0/spring-boot-autoconfigure-3.5.0.jar:/Users/subirchowdhury/.m2/repository/org/springframework/boot/spring-boot-starter-actuator/3.5.0/spring-boot-starter-actuator-3.5.0.jar:/Users/subirchowdhury/.m2/repository/org/springframework/boot/spring-boot-actuator-autoconfigure/3.5.0/spring-boot-actuator-autoconfigure-3.5.0.jar:/Users/subirchowdhury/.m2/repository/org/springframework/boot/spring-boot-actuator/3.5.0/spring-boot-actuator-3.5.0.jar:/Users/subirchowdhury/.m2/repository/io/micrometer/micrometer-observation/1.15.0/micrometer-observation-1.15.0.jar:/Users/subirchowdhury/.m2/repository/io/micrometer/micrometer-commons/1.15.0/micrometer-commons-1.15.0.jar:/Users/subirchowdhury/.m2/repository/io/micrometer/micrometer-jakarta9/1.15.0/micrometer-jakarta9-1.15.0.jar:/Users/subirchowdhury/.m2/repository/io/micrometer/micrometer-core/1.15.0/micrometer-core-1.15.0.jar:/Users/subirchowdhury/.m2/repository/org/hdrhistogram/HdrHistogram/2.2.2/HdrHistogram-2.2.2.jar:/Users/subirchowdhury/.m2/repository/org/latencyutils/LatencyUtils/2.0.3/LatencyUtils-2.0.3.jar:/Users/subirchowdhury/.m2/repository/org/yaml/snakeyaml/2.4/snakeyaml-2.4.jar:"/>
    <property name="java.vm.vendor" value="Oracle Corporation"/>
    <property name="sun.arch.data.model" value="64"/>
    <property name="java.vendor.url" value="https://java.oracle.com/"/>
    <property name="user.timezone" value="America/Chicago"/>
    <property name="org.jboss.logging.provider" value="slf4j"/>
    <property name="os.name" value="Mac OS X"/>
    <property name="java.vm.specification.version" value="21"/>
    <property name="APPLICATION_NAME" value="decision-service-master"/>
    <property name="user.country" value="US"/>
    <property name="sun.java.launcher" value="SUN_STANDARD"/>
    <property name="sun.boot.library.path" value="/Users/subirchowdhury/Desktop/softwares/jdk-21.0.8.jdk/Contents/Home/lib"/>
    <property name="sun.java.command" value="/Users/subirchowdhury/src/DecisionServiceMaster/target/surefire/surefirebooter-20250929073354135_3.jar /Users/subirchowdhury/src/DecisionServiceMaster/target/surefire 2025-09-29T07-33-54_020-jvmRun1 surefire-20250929073354135_1tmp surefire_0-20250929073354135_2tmp"/>
    <property name="jdk.debug" value="release"/>
    <property name="surefire.test.class.path" value="/Users/subirchowdhury/src/DecisionServiceMaster/target/test-classes:/Users/subirchowdhury/src/DecisionServiceMaster/target/classes:/Users/subirchowdhury/.m2/repository/org/springframework/boot/spring-boot-starter-web/3.5.0/spring-boot-starter-web-3.5.0.jar:/Users/subirchowdhury/.m2/repository/org/springframework/boot/spring-boot-starter/3.5.0/spring-boot-starter-3.5.0.jar:/Users/subirchowdhury/.m2/repository/org/springframework/boot/spring-boot-starter-logging/3.5.0/spring-boot-starter-logging-3.5.0.jar:/Users/subirchowdhury/.m2/repository/ch/qos/logback/logback-classic/1.5.18/logback-classic-1.5.18.jar:/Users/subirchowdhury/.m2/repository/ch/qos/logback/logback-core/1.5.18/logback-core-1.5.18.jar:/Users/subirchowdhury/.m2/repository/org/apache/logging/log4j/log4j-to-slf4j/2.24.3/log4j-to-slf4j-2.24.3.jar:/Users/subirchowdhury/.m2/repository/org/apache/logging/log4j/log4j-api/2.24.3/log4j-api-2.24.3.jar:/Users/subirchowdhury/.m2/repository/org/slf4j/jul-to-slf4j/2.0.17/jul-to-slf4j-2.0.17.jar:/Users/subirchowdhury/.m2/repository/jakarta/annotation/jakarta.annotation-api/2.1.1/jakarta.annotation-api-2.1.1.jar:/Users/subirchowdhury/.m2/repository/org/springframework/boot/spring-boot-starter-json/3.5.0/spring-boot-starter-json-3.5.0.jar:/Users/subirchowdhury/.m2/repository/com/fasterxml/jackson/datatype/jackson-datatype-jdk8/2.19.0/jackson-datatype-jdk8-2.19.0.jar:/Users/subirchowdhury/.m2/repository/com/fasterxml/jackson/datatype/jackson-datatype-jsr310/2.19.0/jackson-datatype-jsr310-2.19.0.jar:/Users/subirchowdhury/.m2/repository/com/fasterxml/jackson/module/jackson-module-parameter-names/2.19.0/jackson-module-parameter-names-2.19.0.jar:/Users/subirchowdhury/.m2/repository/org/springframework/boot/spring-boot-starter-tomcat/3.5.0/spring-boot-starter-tomcat-3.5.0.jar:/Users/subirchowdhury/.m2/repository/org/apache/tomcat/embed/tomcat-embed-core/10.1.41/tomcat-embed-core-10.1.41.jar:/Users/subirchowdhury/.m2/repository/org/apache/tomcat/embed/tomcat-embed-websocket/10.1.41/tomcat-embed-websocket-10.1.41.jar:/Users/subirchowdhury/.m2/repository/org/springframework/spring-web/6.2.7/spring-web-6.2.7.jar:/Users/subirchowdhury/.m2/repository/org/springframework/spring-beans/6.2.7/spring-beans-6.2.7.jar:/Users/subirchowdhury/.m2/repository/org/springframework/spring-webmvc/6.2.7/spring-webmvc-6.2.7.jar:/Users/subirchowdhury/.m2/repository/org/springframework/spring-aop/6.2.7/spring-aop-6.2.7.jar:/Users/subirchowdhury/.m2/repository/org/springframework/spring-context/6.2.7/spring-context-6.2.7.jar:/Users/subirchowdhury/.m2/repository/org/springframework/spring-expression/6.2.7/spring-expression-6.2.7.jar:/Users/subirchowdhury/.m2/repository/org/springframework/boot/spring-boot-starter-data-jpa/3.5.0/spring-boot-starter-data-jpa-3.5.0.jar:/Users/subirchowdhury/.m2/repository/org/springframework/boot/spring-boot-starter-jdbc/3.5.0/spring-boot-starter-jdbc-3.5.0.jar:/Users/subirchowdhury/.m2/repository/com/zaxxer/HikariCP/6.3.0/HikariCP-6.3.0.jar:/Users/subirchowdhury/.m2/repository/org/springframework/spring-jdbc/6.2.7/spring-jdbc-6.2.7.jar:/Users/subirchowdhury/.m2/repository/org/hibernate/orm/hibernate-core/6.6.15.Final/hibernate-core-6.6.15.Final.jar:/Users/subirchowdhury/.m2/repository/jakarta/persistence/jakarta.persistence-api/3.1.0/jakarta.persistence-api-3.1.0.jar:/Users/subirchowdhury/.m2/repository/jakarta/transaction/jakarta.transaction-api/2.0.1/jakarta.transaction-api-2.0.1.jar:/Users/subirchowdhury/.m2/repository/org/jboss/logging/jboss-logging/3.6.1.Final/jboss-logging-3.6.1.Final.jar:/Users/subirchowdhury/.m2/repository/org/hibernate/common/hibernate-commons-annotations/7.0.3.Final/hibernate-commons-annotations-7.0.3.Final.jar:/Users/subirchowdhury/.m2/repository/io/smallrye/jandex/3.2.0/jandex-3.2.0.jar:/Users/subirchowdhury/.m2/repository/com/fasterxml/classmate/1.7.0/classmate-1.7.0.jar:/Users/subirchowdhury/.m2/repository/net/bytebuddy/byte-buddy/1.17.5/byte-buddy-1.17.5.jar:/Users/subirchowdhury/.m2/repository/org/glassfish/jaxb/jaxb-runtime/4.0.5/jaxb-runtime-4.0.5.jar:/Users/subirchowdhury/.m2/repository/org/glassfish/jaxb/jaxb-core/4.0.5/jaxb-core-4.0.5.jar:/Users/subirchowdhury/.m2/repository/org/glassfish/jaxb/txw2/4.0.5/txw2-4.0.5.jar:/Users/subirchowdhury/.m2/repository/com/sun/istack/istack-commons-runtime/4.1.2/istack-commons-runtime-4.1.2.jar:/Users/subirchowdhury/.m2/repository/jakarta/inject/jakarta.inject-api/2.0.1/jakarta.inject-api-2.0.1.jar:/Users/subirchowdhury/.m2/repository/org/antlr/antlr4-runtime/4.13.0/antlr4-runtime-4.13.0.jar:/Users/subirchowdhury/.m2/repository/org/springframework/data/spring-data-jpa/3.5.0/spring-data-jpa-3.5.0.jar:/Users/subirchowdhury/.m2/repository/org/springframework/data/spring-data-commons/3.5.0/spring-data-commons-3.5.0.jar:/Users/subirchowdhury/.m2/repository/org/springframework/spring-orm/6.2.7/spring-orm-6.2.7.jar:/Users/subirchowdhury/.m2/repository/org/springframework/spring-tx/6.2.7/spring-tx-6.2.7.jar:/Users/subirchowdhury/.m2/repository/org/slf4j/slf4j-api/2.0.17/slf4j-api-2.0.17.jar:/Users/subirchowdhury/.m2/repository/org/springframework/spring-aspects/6.2.7/spring-aspects-6.2.7.jar:/Users/subirchowdhury/.m2/repository/org/aspectj/aspectjweaver/1.9.24/aspectjweaver-1.9.24.jar:/Users/subirchowdhury/.m2/repository/org/springframework/boot/spring-boot-starter-validation/3.5.0/spring-boot-starter-validation-3.5.0.jar:/Users/subirchowdhury/.m2/repository/org/apache/tomcat/embed/tomcat-embed-el/10.1.41/tomcat-embed-el-10.1.41.jar:/Users/subirchowdhury/.m2/repository/org/hibernate/validator/hibernate-validator/8.0.2.Final/hibernate-validator-8.0.2.Final.jar:/Users/subirchowdhury/.m2/repository/jakarta/validation/jakarta.validation-api/3.0.2/jakarta.validation-api-3.0.2.jar:/Users/subirchowdhury/.m2/repository/org/springframework/boot/spring-boot-starter-mail/3.5.0/spring-boot-starter-mail-3.5.0.jar:/Users/subirchowdhury/.m2/repository/org/springframework/spring-context-support/6.2.7/spring-context-support-6.2.7.jar:/Users/subirchowdhury/.m2/repository/org/eclipse/angus/jakarta.mail/2.0.3/jakarta.mail-2.0.3.jar:/Users/subirchowdhury/.m2/repository/jakarta/activation/jakarta.activation-api/2.1.3/jakarta.activation-api-2.1.3.jar:/Users/subirchowdhury/.m2/repository/org/eclipse/angus/angus-activation/2.0.2/angus-activation-2.0.2.jar:/Users/subirchowdhury/.m2/repository/org/springframework/boot/spring-boot-starter-thymeleaf/3.5.0/spring-boot-starter-thymeleaf-3.5.0.jar:/Users/subirchowdhury/.m2/repository/org/thymeleaf/thymeleaf-spring6/3.1.3.RELEASE/thymeleaf-spring6-3.1.3.RELEASE.jar:/Users/subirchowdhury/.m2/repository/org/thymeleaf/thymeleaf/3.1.3.RELEASE/thymeleaf-3.1.3.RELEASE.jar:/Users/subirchowdhury/.m2/repository/org/attoparser/attoparser/2.0.7.RELEASE/attoparser-2.0.7.RELEASE.jar:/Users/subirchowdhury/.m2/repository/org/unbescape/unbescape/1.1.6.RELEASE/unbescape-1.1.6.RELEASE.jar:/Users/subirchowdhury/.m2/repository/org/postgresql/postgresql/42.7.5/postgresql-42.7.5.jar:/Users/subirchowdhury/.m2/repository/org/checkerframework/checker-qual/3.48.3/checker-qual-3.48.3.jar:/Users/subirchowdhury/.m2/repository/com/h2database/h2/2.3.232/h2-2.3.232.jar:/Users/subirchowdhury/.m2/repository/org/projectlombok/lombok/1.18.38/lombok-1.18.38.jar:/Users/subirchowdhury/.m2/repository/org/springframework/boot/spring-boot-starter-test/3.5.0/spring-boot-starter-test-3.5.0.jar:/Users/subirchowdhury/.m2/repository/org/springframework/boot/spring-boot-test/3.5.0/spring-boot-test-3.5.0.jar:/Users/subirchowdhury/.m2/repository/org/springframework/boot/spring-boot-test-autoconfigure/3.5.0/spring-boot-test-autoconfigure-3.5.0.jar:/Users/subirchowdhury/.m2/repository/com/jayway/jsonpath/json-path/2.9.0/json-path-2.9.0.jar:/Users/subirchowdhury/.m2/repository/jakarta/xml/bind/jakarta.xml.bind-api/4.0.2/jakarta.xml.bind-api-4.0.2.jar:/Users/subirchowdhury/.m2/repository/net/minidev/json-smart/2.5.2/json-smart-2.5.2.jar:/Users/subirchowdhury/.m2/repository/net/minidev/accessors-smart/2.5.2/accessors-smart-2.5.2.jar:/Users/subirchowdhury/.m2/repository/org/ow2/asm/asm/9.7.1/asm-9.7.1.jar:/Users/subirchowdhury/.m2/repository/org/assertj/assertj-core/3.27.3/assertj-core-3.27.3.jar:/Users/subirchowdhury/.m2/repository/org/awaitility/awaitility/4.3.0/awaitility-4.3.0.jar:/Users/subirchowdhury/.m2/repository/org/hamcrest/hamcrest/3.0/hamcrest-3.0.jar:/Users/subirchowdhury/.m2/repository/org/junit/jupiter/junit-jupiter/5.12.2/junit-jupiter-5.12.2.jar:/Users/subirchowdhury/.m2/repository/org/junit/jupiter/junit-jupiter-api/5.12.2/junit-jupiter-api-5.12.2.jar:/Users/subirchowdhury/.m2/repository/org/opentest4j/opentest4j/1.3.0/opentest4j-1.3.0.jar:/Users/subirchowdhury/.m2/repository/org/junit/platform/junit-platform-commons/1.12.2/junit-platform-commons-1.12.2.jar:/Users/subirchowdhury/.m2/repository/org/apiguardian/apiguardian-api/1.1.2/apiguardian-api-1.1.2.jar:/Users/subirchowdhury/.m2/repository/org/junit/jupiter/junit-jupiter-params/5.12.2/junit-jupiter-params-5.12.2.jar:/Users/subirchowdhury/.m2/repository/org/junit/jupiter/junit-jupiter-engine/5.12.2/junit-jupiter-engine-5.12.2.jar:/Users/subirchowdhury/.m2/repository/org/junit/platform/junit-platform-engine/1.12.2/junit-platform-engine-1.12.2.jar:/Users/subirchowdhury/.m2/repository/org/mockito/mockito-core/5.17.0/mockito-core-5.17.0.jar:/Users/subirchowdhury/.m2/repository/net/bytebuddy/byte-buddy-agent/1.17.5/byte-buddy-agent-1.17.5.jar:/Users/subirchowdhury/.m2/repository/org/objenesis/objenesis/3.3/objenesis-3.3.jar:/Users/subirchowdhury/.m2/repository/org/mockito/mockito-junit-jupiter/5.17.0/mockito-junit-jupiter-5.17.0.jar:/Users/subirchowdhury/.m2/repository/org/skyscreamer/jsonassert/1.5.3/jsonassert-1.5.3.jar:/Users/subirchowdhury/.m2/repository/com/vaadin/external/google/android-json/0.0.20131108.vaadin1/android-json-0.0.20131108.vaadin1.jar:/Users/subirchowdhury/.m2/repository/org/springframework/spring-core/6.2.7/spring-core-6.2.7.jar:/Users/subirchowdhury/.m2/repository/org/springframework/spring-jcl/6.2.7/spring-jcl-6.2.7.jar:/Users/subirchowdhury/.m2/repository/org/springframework/spring-test/6.2.7/spring-test-6.2.7.jar:/Users/subirchowdhury/.m2/repository/org/xmlunit/xmlunit-core/2.10.1/xmlunit-core-2.10.1.jar:/Users/subirchowdhury/.m2/repository/com/fasterxml/jackson/core/jackson-databind/2.19.0/jackson-databind-2.19.0.jar:/Users/subirchowdhury/.m2/repository/com/fasterxml/jackson/core/jackson-annotations/2.19.0/jackson-annotations-2.19.0.jar:/Users/subirchowdhury/.m2/repository/com/fasterxml/jackson/core/jackson-core/2.19.0/jackson-core-2.19.0.jar:/Users/subirchowdhury/.m2/repository/org/springframework/boot/spring-boot-devtools/3.5.0/spring-boot-devtools-3.5.0.jar:/Users/subirchowdhury/.m2/repository/org/springframework/boot/spring-boot/3.5.0/spring-boot-3.5.0.jar:/Users/subirchowdhury/.m2/repository/org/springframework/boot/spring-boot-autoconfigure/3.5.0/spring-boot-autoconfigure-3.5.0.jar:/Users/subirchowdhury/.m2/repository/org/springframework/boot/spring-boot-starter-actuator/3.5.0/spring-boot-starter-actuator-3.5.0.jar:/Users/subirchowdhury/.m2/repository/org/springframework/boot/spring-boot-actuator-autoconfigure/3.5.0/spring-boot-actuator-autoconfigure-3.5.0.jar:/Users/subirchowdhury/.m2/repository/org/springframework/boot/spring-boot-actuator/3.5.0/spring-boot-actuator-3.5.0.jar:/Users/subirchowdhury/.m2/repository/io/micrometer/micrometer-observation/1.15.0/micrometer-observation-1.15.0.jar:/Users/subirchowdhury/.m2/repository/io/micrometer/micrometer-commons/1.15.0/micrometer-commons-1.15.0.jar:/Users/subirchowdhury/.m2/repository/io/micrometer/micrometer-jakarta9/1.15.0/micrometer-jakarta9-1.15.0.jar:/Users/subirchowdhury/.m2/repository/io/micrometer/micrometer-core/1.15.0/micrometer-core-1.15.0.jar:/Users/subirchowdhury/.m2/repository/org/hdrhistogram/HdrHistogram/2.2.2/HdrHistogram-2.2.2.jar:/Users/subirchowdhury/.m2/repository/org/latencyutils/LatencyUtils/2.0.3/LatencyUtils-2.0.3.jar:/Users/subirchowdhury/.m2/repository/org/yaml/snakeyaml/2.4/snakeyaml-2.4.jar:"/>
    <property name="sun.cpu.endian" value="little"/>
    <property name="user.home" value="/Users/subirchowdhury"/>
    <property name="user.language" value="en"/>
    <property name="java.specification.vendor" value="Oracle Corporation"/>
    <property name="java.version.date" value="2025-07-15"/>
    <property name="java.home" value="/Users/subirchowdhury/Desktop/softwares/jdk-21.0.8.jdk/Contents/Home"/>
    <property name="file.separator" value="/"/>
    <property name="basedir" value="/Users/subirchowdhury/src/DecisionServiceMaster"/>
    <property name="java.vm.compressedOopsMode" value="Zero based"/>
    <property name="line.separator" value="&#10;"/>
    <property name="java.vm.specification.vendor" value="Oracle Corporation"/>
    <property name="java.specification.name" value="Java Platform API Specification"/>
    <property name="FILE_LOG_CHARSET" value="UTF-8"/>
    <property name="java.awt.headless" value="true"/>
    <property name="apple.awt.application.name" value="ForkedBooter"/>
    <property name="surefire.real.class.path" value="/Users/subirchowdhury/src/DecisionServiceMaster/target/surefire/surefirebooter-20250929073354135_3.jar"/>
    <property name="sun.management.compiler" value="HotSpot 64-Bit Tiered Compilers"/>
    <property name="java.runtime.version" value="21.0.8+12-LTS-250"/>
    <property name="user.name" value="subirchowdhury"/>
    <property name="stdout.encoding" value="UTF-8"/>
    <property name="path.separator" value=":"/>
    <property name="os.version" value="15.6.1"/>
    <property name="java.runtime.name" value="Java(TM) SE Runtime Environment"/>
    <property name="file.encoding" value="UTF-8"/>
    <property name="FILE_LOG_PATTERN" value="%d{yyyy-MM-dd HH:mm:ss} [%thread] %-5level %logger{36} - %msg%n"/>
    <property name="java.vm.name" value="Java HotSpot(TM) 64-Bit Server VM"/>
    <property name="LOG_FILE" value="logs/decision-service.log"/>
    <property name="localRepository" value="/Users/subirchowdhury/.m2/repository"/>
    <property name="java.vendor.url.bug" value="https://bugreport.java.com/bugreport/"/>
    <property name="java.io.tmpdir" value="/var/folders/g3/4x3q8bsn62g8pzsz265wpdxm0000gn/T/"/>
    <property name="com.zaxxer.hikari.pool_number" value="1"/>
    <property name="java.version" value="21.0.8"/>
    <property name="user.dir" value="/Users/subirchowdhury/src/DecisionServiceMaster"/>
    <property name="os.arch" value="aarch64"/>
    <property name="java.vm.specification.name" value="Java Virtual Machine Specification"/>
    <property name="PID" value="40942"/>
    <property name="CONSOLE_LOG_CHARSET" value="UTF-8"/>
    <property name="native.encoding" value="UTF-8"/>
    <property name="java.library.path" value="/Users/subirchowdhury/Library/Java/Extensions:/Library/Java/Extensions:/Network/Library/Java/Extensions:/System/Library/Java/Extensions:/usr/lib/java:."/>
    <property name="java.vm.info" value="mixed mode, sharing"/>
    <property name="stderr.encoding" value="UTF-8"/>
    <property name="java.vendor" value="Oracle Corporation"/>
    <property name="java.vm.version" value="21.0.8+12-LTS-250"/>
    <property name="sun.io.unicode.encoding" value="UnicodeBig"/>
    <property name="java.class.version" value="65.0"/>
    <property name="CONSOLE_LOG_PATTERN" value="%d{HH:mm:ss.SSS} [%thread] %-5level %logger{36} - %msg%n"/>
    <property name="LOGGED_APPLICATION_NAME" value="[decision-service-master] "/>
  </properties>
  <testcase name="testCreateReturns401WithInvalidToken" classname="com.decisionservicemaster.controller.api.v1.DecisionsControllerTest" time="0.351">
    <system-out><![CDATA[07:33:54.911 [main] INFO org.springframework.test.context.support.AnnotationConfigContextLoaderUtils -- Could not detect default configuration classes for test class [com.decisionservicemaster.controller.api.v1.DecisionsControllerTest]: DecisionsControllerTest does not declare any static, non-private, non-final, nested classes annotated with @Configuration.
07:33:54.991 [main] INFO org.springframework.boot.test.context.SpringBootTestContextBootstrapper -- Found @SpringBootConfiguration com.decisionservicemaster.DecisionServiceMasterApplication for test class com.decisionservicemaster.controller.api.v1.DecisionsControllerTest
07:33:55.056 [main] INFO org.springframework.boot.devtools.restart.RestartApplicationListener -- Restart disabled due to context in which it is running

  .   ____          _            __ _ _
 /\\ / ___'_ __ _ _(_)_ __  __ _ \ \ \ \
( ( )\___ | '_ | '_| | '_ \/ _` | \ \ \ \
 \\/  ___)| |_)| | | | | || (_| |  ) ) ) )
  '  |____| .__|_| |_|_| |_\__, | / / / /
 =========|_|==============|___/=/_/_/_/

 :: Spring Boot ::                (v3.5.0)

07:33:55.243 [main] INFO  c.d.c.api.v1.DecisionsControllerTest - Starting DecisionsControllerTest using Java 21.0.8 with PID 40942 (started by subirchowdhury in /Users/subirchowdhury/src/DecisionServiceMaster)
07:33:55.245 [main] DEBUG c.d.c.api.v1.DecisionsControllerTest - Running with Spring Boot v3.5.0, Spring v6.2.7
07:33:55.245 [main] INFO  c.d.c.api.v1.DecisionsControllerTest - The following 1 profile is active: "test"
07:33:56.265 [main] WARN  org.hibernate.orm.deprecation - HHH90000025: H2Dialect does not need to be specified explicitly using 'hibernate.dialect' (remove the property setting and it will be selected by default)
07:33:56.700 [main] DEBUG org.hibernate.SQL - drop table if exists addresses cascade 
07:33:56.701 [main] DEBUG org.hibernate.SQL - drop table if exists applicants cascade 
07:33:56.702 [main] DEBUG org.hibernate.SQL - drop table if exists credit_reports cascade 
07:33:56.702 [main] DEBUG org.hibernate.SQL - drop table if exists decision_requests cascade 
07:33:56.702 [main] DEBUG org.hibernate.SQL - drop table if exists decisions cascade 
07:33:56.702 [main] DEBUG org.hibernate.SQL - drop table if exists mortgage_reports cascade 
07:33:56.703 [main] DEBUG org.hibernate.SQL - create table addresses (created_at timestamp(6) not null, decision_request_id bigint not null, id bigint generated by default as identity, updated_at timestamp(6) not null, city TEXT not null, county varchar(255) not null, state varchar(255) not null, street TEXT not null, unit_number TEXT, zip varchar(255) not null, primary key (id))
07:33:56.707 [main] DEBUG org.hibernate.SQL - create table applicants (income float(53) not null, requested_loan_amount float(53) not null, created_at timestamp(6) not null, decision_request_id bigint not null, id bigint generated by default as identity, updated_at timestamp(6) not null, encrypted_ssn varchar(255) not null, encrypted_ssn_iv varchar(255), first_name varchar(255) not null, income_type varchar(255), last_name varchar(255), primary key (id))
07:33:56.707 [main] DEBUG org.hibernate.SQL - create table credit_reports (credit_score integer, applicant_id bigint not null, created_at timestamp(6) not null, id bigint generated by default as identity, updated_at timestamp(6) not null, primary key (id))
07:33:56.708 [main] DEBUG org.hibernate.SQL - create table decision_requests (application_id integer, created_at timestamp(6) not null, id bigint generated by default as identity, updated_at timestamp(6) not null, decision varchar(255), primary key (id))
07:33:56.709 [main] DEBUG org.hibernate.SQL - create table decisions (created_at timestamp(6) not null, decision_request_id bigint not null, id bigint generated by default as identity, updated_at timestamp(6) not null, decision varchar(255), message varchar(255), rule_name varchar(255), primary key (id))
07:33:56.709 [main] DEBUG org.hibernate.SQL - create table mortgage_reports (pending_mortgage integer, total_mortgage integer, address_id bigint not null, created_at timestamp(6) not null, id bigint generated by default as identity, updated_at timestamp(6) not null, regular_in_payment varchar(255), primary key (id))
07:33:56.710 [main] DEBUG org.hibernate.SQL - alter table if exists addresses add constraint FKqw166byaetoymwx728xvooqt9 foreign key (decision_request_id) references decision_requests
07:33:56.715 [main] DEBUG org.hibernate.SQL - alter table if exists applicants add constraint FKqoor6jfntrmai4ahdsnaob8bp foreign key (decision_request_id) references decision_requests
07:33:56.716 [main] DEBUG org.hibernate.SQL - alter table if exists credit_reports add constraint FK6dyk9ymplcxht22kg6h73w9qr foreign key (applicant_id) references applicants
07:33:56.716 [main] DEBUG org.hibernate.SQL - alter table if exists decisions add constraint FKtea9n0visk6uybl7u6h9ctj9a foreign key (decision_request_id) references decision_requests
07:33:56.717 [main] DEBUG org.hibernate.SQL - alter table if exists mortgage_reports add constraint FKm81klp9ynbix4bcj6uns2hhli foreign key (address_id) references addresses
07:33:57.270 [main] WARN  o.s.b.a.o.j.JpaBaseConfiguration$JpaWebConfiguration - spring.jpa.open-in-view is enabled by default. Therefore, database queries may be performed during view rendering. Explicitly configure spring.jpa.open-in-view to disable this warning
07:33:57.465 [main] INFO  o.s.b.t.m.w.SpringBootMockServletContext - Initializing Spring TestDispatcherServlet ''
07:33:57.465 [main] INFO  o.s.t.w.s.TestDispatcherServlet - Initializing Servlet ''
07:33:57.474 [main] INFO  o.s.t.w.s.TestDispatcherServlet - Completed initialization in 9 ms
07:33:57.512 [main] INFO  c.d.c.api.v1.DecisionsControllerTest - Started DecisionsControllerTest in 2.46 seconds (process running for 3.325)
]]></system-out>
    <system-err><![CDATA[Mockito is currently self-attaching to enable the inline-mock-maker. This will no longer work in future releases of the JDK. Please add Mockito as an agent to your build as described in Mockito's documentation: https://javadoc.io/doc/org.mockito/mockito-core/latest/org.mockito/org/mockito/Mockito.html#0.3
WARNING: A Java agent has been loaded dynamically (/Users/subirchowdhury/.m2/repository/net/bytebuddy/byte-buddy-agent/1.17.5/byte-buddy-agent-1.17.5.jar)
WARNING: If a serviceability tool is in use, please run with -XX:+EnableDynamicAgentLoading to hide this warning
WARNING: If a serviceability tool is not in use, please run with -Djdk.instrument.traceUsage for more information
WARNING: Dynamic loading of agents will be disallowed by default in a future release
]]></system-err>
  </testcase>
  <testcase name="testTokenIsConfigured" classname="com.decisionservicemaster.controller.api.v1.DecisionsControllerTest" time="0.005">
    <system-out><![CDATA[Configured token: test-token-12345
]]></system-out>
  </testcase>
  <testcase name="testCreateReturns200WithValidAuthentication" classname="com.decisionservicemaster.controller.api.v1.DecisionsControllerTest" time="0.074">
    <system-out><![CDATA[07:33:57.961 [main] DEBUG org.hibernate.SQL - insert into decision_requests (application_id,created_at,decision,updated_at,id) values (?,?,?,?,default)
07:33:57.981 [main] DEBUG org.hibernate.SQL - insert into addresses (city,county,created_at,decision_request_id,state,street,unit_number,updated_at,zip,id) values (?,?,?,?,?,?,?,?,?,default)
07:33:57.982 [main] DEBUG org.hibernate.SQL - insert into applicants (created_at,decision_request_id,encrypted_ssn,encrypted_ssn_iv,first_name,income,income_type,last_name,requested_loan_amount,updated_at,id) values (?,?,?,?,?,?,?,?,?,?,default)
07:33:57.987 [main] DEBUG org.hibernate.SQL - insert into mortgage_reports (address_id,created_at,pending_mortgage,regular_in_payment,total_mortgage,updated_at,id) values (?,?,?,?,?,?,default)
07:33:57.989 [main] DEBUG org.hibernate.SQL - insert into credit_reports (applicant_id,created_at,credit_score,updated_at,id) values (?,?,?,?,default)
07:33:57.990 [main] DEBUG org.hibernate.SQL - insert into decisions (created_at,decision,decision_request_id,message,rule_name,updated_at,id) values (?,?,?,?,?,?,default)
07:33:57.991 [main] DEBUG org.hibernate.SQL - insert into decisions (created_at,decision,decision_request_id,message,rule_name,updated_at,id) values (?,?,?,?,?,?,default)
]]></system-out>
  </testcase>
  <testcase name="testCreateReturnsDecisionWithValidAuthentication" classname="com.decisionservicemaster.controller.api.v1.DecisionsControllerTest" time="0.015">
    <system-out><![CDATA[07:33:58.013 [main] DEBUG org.hibernate.SQL - insert into decision_requests (application_id,created_at,decision,updated_at,id) values (?,?,?,?,default)
07:33:58.014 [main] DEBUG org.hibernate.SQL - insert into addresses (city,county,created_at,decision_request_id,state,street,unit_number,updated_at,zip,id) values (?,?,?,?,?,?,?,?,?,default)
07:33:58.014 [main] DEBUG org.hibernate.SQL - insert into applicants (created_at,decision_request_id,encrypted_ssn,encrypted_ssn_iv,first_name,income,income_type,last_name,requested_loan_amount,updated_at,id) values (?,?,?,?,?,?,?,?,?,?,default)
07:33:58.017 [main] DEBUG org.hibernate.SQL - insert into mortgage_reports (address_id,created_at,pending_mortgage,regular_in_payment,total_mortgage,updated_at,id) values (?,?,?,?,?,?,default)
07:33:58.017 [main] DEBUG org.hibernate.SQL - insert into credit_reports (applicant_id,created_at,credit_score,updated_at,id) values (?,?,?,?,default)
07:33:58.018 [main] DEBUG org.hibernate.SQL - insert into decisions (created_at,decision,decision_request_id,message,rule_name,updated_at,id) values (?,?,?,?,?,?,default)
07:33:58.018 [main] DEBUG org.hibernate.SQL - insert into decisions (created_at,decision,decision_request_id,message,rule_name,updated_at,id) values (?,?,?,?,?,?,default)
]]></system-out>
  </testcase>
</testsuite>